c:\users\user\desktop\쥬신국비내용\0525\0525\x64\debug\vc141.pdb
c:\users\user\desktop\쥬신국비내용\0525\0525\x64\debug\vc141.idb
c:\users\user\desktop\쥬신국비내용\0525\0525\x64\debug\ui.obj
c:\users\user\desktop\쥬신국비내용\0525\0525\x64\debug\screen.obj
c:\users\user\desktop\쥬신국비내용\0525\0525\x64\debug\player.obj
c:\users\user\desktop\쥬신국비내용\0525\0525\x64\debug\monster.obj
c:\users\user\desktop\쥬신국비내용\0525\0525\x64\debug\main.obj
c:\users\user\desktop\쥬신국비내용\0525\0525\x64\debug\gameobject.obj
c:\users\user\desktop\쥬신국비내용\0525\0525\x64\debug\consolecursor.obj
c:\users\user\desktop\쥬신국비내용\0525\0525\x64\debug\objcetmanager.obj
c:\users\user\desktop\쥬신국비내용\0525\0525\x64\debug\main.obj.enc
c:\users\user\desktop\쥬신국비내용\0525\0525\x64\debug\ui.obj.enc
c:\users\user\desktop\쥬신국비내용\0525\0525\x64\debug\vc142.idb
c:\users\user\desktop\쥬신국비내용\0525\0525\x64\debug\vc142.pdb
c:\users\user\desktop\쥬신국비내용\0525\x64\debug\0525.pdb
c:\users\user\desktop\쥬신국비내용\0525\0525\x64\debug\0525.tlog\cl.command.1.tlog
c:\users\user\desktop\쥬신국비내용\0525\0525\x64\debug\0525.tlog\cl.read.1.tlog
c:\users\user\desktop\쥬신국비내용\0525\0525\x64\debug\0525.tlog\cl.write.1.tlog
c:\users\user\desktop\쥬신국비내용\0525\0525\x64\debug\0525.tlog\link.13448-cvtres.read.1.tlog
c:\users\user\desktop\쥬신국비내용\0525\0525\x64\debug\0525.tlog\link.13448-cvtres.write.1.tlog
c:\users\user\desktop\쥬신국비내용\0525\0525\x64\debug\0525.tlog\link.13448-rc.read.1.tlog
c:\users\user\desktop\쥬신국비내용\0525\0525\x64\debug\0525.tlog\link.13448-rc.write.1.tlog
c:\users\user\desktop\쥬신국비내용\0525\0525\x64\debug\0525.tlog\link.13448.read.1.tlog
c:\users\user\desktop\쥬신국비내용\0525\0525\x64\debug\0525.tlog\link.13448.write.1.tlog
c:\users\user\desktop\쥬신국비내용\0525\0525\x64\debug\0525.tlog\link.command.1.tlog
c:\users\user\desktop\쥬신국비내용\0525\0525\x64\debug\0525.tlog\link.read.1.tlog
c:\users\user\desktop\쥬신국비내용\0525\0525\x64\debug\0525.tlog\link.write.1.tlog
